https://www.canarymedia.com/articles/clean-energy-manufacturing/solar-factories-outlook-trump-megabill
https://www.canarymedia.com/articles/clean-energy/tax-credit-changes-trump-law
https://www.canarymedia.com/articles/clean-energy/global-investment-fossil-fuels-2025
https://www.canarymedia.com/articles/clean-energy/wind-solar-construction-trump-tax-credits
https://www.canarymedia.com/articles/geothermal/enhanced-trump-bill-tax-credits
https://www.canarymedia.com/articles/energy-storage/senate-budget-battery-tax-credits
https://www.canarymedia.com/articles/hydrogen/green-industry-trump-tax-credits
https://www.canarymedia.com/articles/solar/sunnova-mosaic-bankruptcies-industry-challenges
https://www.canarymedia.com/articles/clean-energy/republican-tax-bill-credits-china
https://www.canarymedia.com/articles/clean-industry/oced-demonstrations-grants-cuts-trump
https://www.canarymedia.com/articles/climatetech-finance/ai-grid-utilidata-nvidia
https://www.canarymedia.com/articles/clean-energy-manufacturing/trump-ev-battery-factory-cancellations
https://www.canarymedia.com/articles/green-steel/electra-clean-iron-investment-electrowinning
https://www.canarymedia.com/articles/solar/oneplanet-recycling-florida-metals
https://www.canarymedia.com/articles/batteries/base-power-investment-growth
https://www.canarymedia.com/articles/clean-energy/ira-tax-credits-electric-bills
https://www.canarymedia.com/articles/clean-energy/trump-admin-says-its-terminated-20b-green-bank-in-latest-escalation
https://www.canarymedia.com/articles/clean-energy/cuts-to-clean-energy-tax-credits-will-harm-north-carolina-advocates-say
https://www.canarymedia.com/articles/batteries/facing-headwinds-ascend-shifts-plans-for-battery-recycling-in-kentucky
https://www.canarymedia.com/articles/nuclear/a-fusion-firm-thats-already-making-money-but-not-from-selling-power
https://www.canarymedia.com/articles/solar/sunnova-warns-of-dwindling-cash-amid-rooftop-solar-woes
https://www.canarymedia.com/articles/clean-energy/trump-epa-aims-to-claw-back-20b-in-green-bank-funds
https://www.canarymedia.com/articles/clean-energy/chart-global-investment-in-the-energy-transition-surpasses-2t
https://www.canarymedia.com/articles/clean-energy/heres-every-biden-era-energy-loan-now-all-under-threat-from-trump
https://www.canarymedia.com/articles/climatetech-finance/doe-finalizes-8-8b-in-financing-for-rivian-plug-power-sunwealth
https://www.canarymedia.com/articles/solar/posigen-wins-another-200m-for-lower-income-rooftop-solar
https://www.canarymedia.com/articles/climatetech-finance/the-cleantech-companies-that-didnt-make-it-through-2024
https://www.canarymedia.com/articles/policy-regulation/doe-loan-programs-office-races-to-get-cleantech-money-out-as-trump-looms
https://www.canarymedia.com/articles/carbon-removal/heirloom-raises-150m-for-its-limestone-based-carbon-removal-tech
https://www.canarymedia.com/articles/long-duration-energy-storage/form-energy-raises-405m-for-its-100-hour-iron-air-batteries