https://cleantechnica.com/2025/07/22/electric-truck-startup-nevoya-raises-more-cash-to-spread-its-wings-fly/
https://cleantechnica.com/2025/07/17/smol-mighty-how-a-french-startup-is-electrifying-city-streets/
https://cleantechnica.com/2025/07/04/swiss-startup-launches-solar-gasoline-at-fossil-fuel-industry/
https://cleantechnica.com/2025/06/12/startup-sneaks-more-solar-energy-through-the-back-door/
https://cleantechnica.com/2025/05/26/hyundai-motor-group-opens-zer01ne-fund-iii-to-drive-future-technology-innovation-with-startups/
https://cleantechnica.com/2025/05/20/podbike-shuts-down-norwegian-e-velomobile-startup-files-for-bankruptcy/
https://cleantechnica.com/2025/05/16/saf-startup-to-leverage-green-hydrogen-and-captured-carbon/
https://cleantechnica.com/2025/05/12/uk-startup-ids-a-new-hope-for-algae-biofuel-carbon-negative-production/
https://cleantechnica.com/2025/05/01/smart-electrical-panel-startup-spans-nrels-accelerator-programs/
https://cleantechnica.com/2025/03/27/us-geothermal-energy-startup-pre-qualified-by-us-air-force-eyes-scaleup/
https://cleantechnica.com/2025/03/19/startup-introduces-new-climate-change-tool-for-rural-electric-cooperatives/
https://cleantechnica.com/2025/03/19/new-british-ev-startup-aims-to-take-europe-by-storm/
https://cleantechnica.com/2025/03/13/startup-heroes-rescue-ev-charging-network-from-grid-weakness/
https://cleantechnica.com/2025/03/09/us-startup-brings-new-floating-offshore-wind-turbine-platform-to-the-world/
https://cleantechnica.com/2025/01/23/us-startup-harnesses-cryo-compression-for-hydrogen-vehicles/
https://cleantechnica.com/2024/12/05/clean-energy-cybersecurity-clean-energy-tech-startups-and-clean-energy-manufacturing-innovation-in-underserved-communities/
https://cleantechnica.com/2024/11/01/us-space-solar-startup-readies-radiation-hardened-solar-cells-for-mass-production/
https://cleantechnica.com/2024/08/27/uni-graz-startup-revolutionises-recycling-of-e-car-batteries/
https://cleantechnica.com/2024/08/19/texas-ev-battery-startup-aims-to-break-texas-oil-industry/
https://cleantechnica.com/2025/04/06/50-million-more-for-us-space-solar-startup-aetherflux/
https://cleantechnica.com/2024/10/07/toyota-puts-nearly-1-billion-into-electric-aviation-startup/
https://cleantechnica.com/2024/08/11/the-self-driving-startup-everyone-forgot-about-weve-actually-dramatically-accelerated-our-autonomy-progress/
https://cleantechnica.com/2024/05/30/energy-storage-pumped-hydro-texas-startup-investor/
https://cleantechnica.com/2024/05/22/asias-largest-startup-event-competition-produces-zero-waste-circular-economy-winner/
https://cleantechnica.com/2024/05/07/texas-based-solid-state-ev-battery-startup-lays-out-oil-killing-plans/
https://cleantechnica.com/2024/05/06/climate-tech-startups-apply-for-up-to-3m-in-funding-from-elemental-excelerator/
https://cleantechnica.com/2024/03/11/climatetech-startup-seabound-is-developing-a-carbon-capture-system-for-large-ships/
https://cleantechnica.com/2024/02/19/kenyan-startup-roam-secures-24-million-in-funding-to-accelerate-electric-mobility-solutions/
https://cleantechnica.com/2024/02/05/in%c2%b2-demonstration-startup-transforms-transformers-for-electric-vehicle-charging-efficiency/
https://cleantechnica.com/2024/01/24/switzerland-based-solar-startup-perovskia-is-bringing-solar-indoors-with-its-printed-perovskite-cells/
https://cleantechnica.com/2023/11/06/basigo-wins-best-mobility-logistics-award-at-global-startup-awards-africa/
https://cleantechnica.com/2023/10/26/tanzanian-renewable-startup-leading-through-innovation/
https://cleantechnica.com/2023/10/13/chinese-ev-startup-wm-files-for-bankruptcy/
https://cleantechnica.com/2023/09/29/how-did-gogoro-go-from-stealth-startup-to-global-battery-swapping-leader-in-just-over-a-decade/
https://cleantechnica.com/2023/08/24/maritime-wind-energy-plot-thickens-as-uk-startup-applies-f1-know-how/
https://cleantechnica.com/2023/07/20/solar-startup-yellow-raises-14-million-to-scale-up-in-africa/
https://cleantechnica.com/2023/06/19/ayahuasca-for-climate-anxiety-midlife-crisis-startup-life-my-journey/
https://cleantechnica.com/2023/05/25/co-living-startup-surfbreak-is-opening-2nd-location-as-slow-tourism-industry-gains-momentum/
https://cleantechnica.com/2023/05/09/jordan-startup-provides-life-saving-electricity-to-refugees/
https://www.canarymedia.com/articles/clean-energy-manufacturing/solar-factories-outlook-trump-megabill
https://www.canarymedia.com/articles/clean-energy/tax-credit-changes-trump-law
https://www.canarymedia.com/articles/clean-energy/global-investment-fossil-fuels-2025
https://www.canarymedia.com/articles/clean-energy/wind-solar-construction-trump-tax-credits
https://www.canarymedia.com/articles/geothermal/enhanced-trump-bill-tax-credits
https://www.canarymedia.com/articles/energy-storage/senate-budget-battery-tax-credits
https://www.canarymedia.com/articles/hydrogen/green-industry-trump-tax-credits
https://www.canarymedia.com/articles/solar/sunnova-mosaic-bankruptcies-industry-challenges
https://www.canarymedia.com/articles/clean-energy/republican-tax-bill-credits-china
https://www.canarymedia.com/articles/clean-industry/oced-demonstrations-grants-cuts-trump
https://cleantechnica.com/2023/03/23/cleanlight-exciting-solar-startup-in-chile/
https://cleantechnica.com/2023/02/08/carbon-removal-startup-inplanet-raises-e1-2m-in-pre-seed-funding-to-scale-enhanced-rock-weathering-projects/
https://cleantechnica.com/2023/02/07/teslas-price-cuts-are-putting-extra-pressure-on-electric-car-startups/
https://cleantechnica.com/2023/01/12/the-energy-transition-has-a-labor-shortage-problem-this-startup-is-taking-it-on/
https://cleantechnica.com/2022/11/03/zeekr-the-hot-new-ev-startup-in-china-entering-europe-soon/
https://www.ctvc.co/epa-puts-emissions-rules-in-danger-257/
https://www.ctvc.co/uk-ets-opens-floor-to-carbon-removal-256/
https://www.ctvc.co/grwm-for-nycw-255/
https://www.ctvc.co/taxing-times-for-ccus-254/
https://www.ctvc.co/bright-spots-and-sunsets-in-the-obbb-253/
https://cleantechnica.com/2022/11/03/gm-plans-new-ev-startup-business-model-for-europe/
https://cleantechnica.com/2022/10/17/stealthy-green-steel-startup-cracks-lazy-iron-ore-code/
https://www.ctvc.co/epa-puts-corn-on-the-policy-menu-251/
https://www.ctvc.co/ira-cuts-in-the-budget-battle-246/
